<?xml version="1.0" encoding="UTF-8"?>
<testsuite xmlns:xsi="http://www.w3.org/2001/XMLSchema-instance" xsi:schemaLocation="https://maven.apache.org/surefire/maven-surefire-plugin/xsd/surefire-test-report.xsd" name="com.demouser.cucumber.UserRunnerTest" time="3.635" tests="3" errors="0" skipped="0" failures="2">
  <properties>
[...]
</properties>
  <testcase name="Verify that the status code return 200 when user get list" classname="This is feature contains all scenarios involves user" time="1.255"/>
  <testcase name="Verify that admin can create user #1" classname="This is feature contains all scenarios involves user" time="1.091">
    <failure message="1 expectation failed.&#10;JSON path name doesn&apos;t match.&#10;Expected: morpheus&#10;  Actual: null&#10;" type="java.lang.AssertionError">java.lang.AssertionError: 
1 expectation failed.
JSON path name doesn't match.
Expected: morpheus
  Actual: null

</failure>
    <system-err><![CDATA[[main] INFO io.cucumber.core.plugin.SerenityReporter - Running feature from file:///Users/tuyenle/Documents/Automation/demoANWeb/demoApi2/src/test/resources/features/user.feature
[main] INFO  - 
  _____   ___   ___   _____     ___   _____     _     ___   _____   ___   ___  
 |_   _| | __| / __| |_   _|   / __| |_   _|   /_\   | _ \ |_   _| | __| |   \ 
   | |   | _|  \__ \   | |     \__ \   | |    / _ \  |   /   | |   | _|  | |) |
   |_|   |___| |___/   |_|     |___/   |_|   /_/ \_\ |_|_\   |_|   |___| |___/ 

Verify that admin can create user(this-is-feature-contains-all-scenarios-involves-user;verify-that-admin-can-create-user)
--------------------------------------------------------------------------------
]]></system-err>
  </testcase>
  <testcase name="Verify that admin can create user #2" classname="This is feature contains all scenarios involves user" time="1.139">
    <failure message="1 expectation failed.&#10;JSON path name doesn&apos;t match.&#10;Expected: tuyen&#10;  Actual: null&#10;" type="java.lang.AssertionError">java.lang.AssertionError: 
1 expectation failed.
JSON path name doesn't match.
Expected: tuyen
  Actual: null

</failure>
    <system-err><![CDATA[[main] ERROR  - 
  _____   ___   ___   _____     ___     _     ___   _      ___   ___  
 |_   _| | __| / __| |_   _|   | __|   /_\   |_ _| | |    | __| |   \ 
   | |   | _|  \__ \   | |     | _|   / _ \   | |  | |__  | _|  | |) |
   |_|   |___| |___/   |_|     |_|   /_/ \_\ |___| |____| |___| |___/ 

Verify that admin can create user
-----------------------------------------------------------------------
[main] ERROR  -     Test failed at step: Then check if the user is added with "morpheus"
[main] ERROR  -     1 expectation failed.JSON path name doesn't match.Expected: morpheus  Actual: null
[main] INFO io.cucumber.core.plugin.SerenityReporter - Running feature from file:///Users/tuyenle/Documents/Automation/demoANWeb/demoApi2/src/test/resources/features/user.feature
]]></system-err>
  </testcase>
</testsuite>